{
  "stats": {
    "suites": 1,
    "tests": 3,
    "passes": 3,
    "pending": 0,
    "failures": 0,
    "start": "2024-09-16T17:11:24.799Z",
    "end": "2024-09-16T17:13:29.069Z",
    "duration": 124270,
    "testsRegistered": 3,
    "passPercent": 100,
    "pendingPercent": 0,
    "other": 0,
    "hasOther": false,
    "skipped": 0,
    "hasSkipped": false
  },
  "results": [
    {
      "uuid": "3e5d0a63-8d80-4b05-99b5-29f8b584e287",
      "title": "",
      "fullFile": "cypress\\e2e\\DataDrivenTest2.cy.js",
      "file": "cypress\\e2e\\DataDrivenTest2.cy.js",
      "beforeHooks": [],
      "afterHooks": [],
      "tests": [],
      "suites": [
        {
          "uuid": "7f544cfe-eeeb-4e8d-b815-3a406c4706f9",
          "title": "Data Driven Test Suites2",
          "fullFile": "",
          "file": "",
          "beforeHooks": [],
          "afterHooks": [],
          "tests": [
            {
              "title": "Data Driven Test2",
              "fullTitle": "Data Driven Test Suites2 Data Driven Test2",
              "timedOut": null,
              "duration": 45351,
              "state": "passed",
              "speed": "slow",
              "pass": true,
              "fail": false,
              "pending": false,
              "context": "{\n  \"title\": \"cypress-mochawesome-reporter-videos-passed\",\n  \"value\": \"cypress\\\\e2e\\\\DataDrivenTest2.cy.js\"\n}",
              "code": "cy.visit('https://www.google.com/search?q=javascript+by+testers+talk');\ncy.get('textarea[aria-label=\"Search\"]').clear().type(testData.skill1);\ncy.get('button[type=\"submit\"]').click();",
              "err": {},
              "uuid": "d2fc7a66-7c1d-49ca-a7fc-093b458fd525",
              "parentUUID": "7f544cfe-eeeb-4e8d-b815-3a406c4706f9",
              "isHook": false,
              "skipped": false
            },
            {
              "title": "Data Driven Test2",
              "fullTitle": "Data Driven Test Suites2 Data Driven Test2",
              "timedOut": null,
              "duration": 28540,
              "state": "passed",
              "speed": "slow",
              "pass": true,
              "fail": false,
              "pending": false,
              "context": "{\n  \"title\": \"cypress-mochawesome-reporter-videos-passed\",\n  \"value\": \"cypress\\\\e2e\\\\DataDrivenTest2.cy.js\"\n}",
              "code": "cy.visit('https://www.google.com/search?q=javascript+by+testers+talk');\ncy.get('textarea[aria-label=\"Search\"]').clear().type(testData.skill1);\ncy.get('button[type=\"submit\"]').click();",
              "err": {},
              "uuid": "1791a401-dcb0-46e2-8a0b-c14e9cf22436",
              "parentUUID": "7f544cfe-eeeb-4e8d-b815-3a406c4706f9",
              "isHook": false,
              "skipped": false
            },
            {
              "title": "Data Driven Test2",
              "fullTitle": "Data Driven Test Suites2 Data Driven Test2",
              "timedOut": null,
              "duration": 40164,
              "state": "passed",
              "speed": "slow",
              "pass": true,
              "fail": false,
              "pending": false,
              "context": "{\n  \"title\": \"cypress-mochawesome-reporter-videos-passed\",\n  \"value\": \"cypress\\\\e2e\\\\DataDrivenTest2.cy.js\"\n}",
              "code": "cy.visit('https://www.google.com/search?q=javascript+by+testers+talk');\ncy.get('textarea[aria-label=\"Search\"]').clear().type(testData.skill1);\ncy.get('button[type=\"submit\"]').click();",
              "err": {},
              "uuid": "d242a31a-bbcf-4db0-b5ab-7bfe640cc126",
              "parentUUID": "7f544cfe-eeeb-4e8d-b815-3a406c4706f9",
              "isHook": false,
              "skipped": false
            }
          ],
          "suites": [],
          "passes": [
            "d2fc7a66-7c1d-49ca-a7fc-093b458fd525",
            "1791a401-dcb0-46e2-8a0b-c14e9cf22436",
            "d242a31a-bbcf-4db0-b5ab-7bfe640cc126"
          ],
          "failures": [],
          "pending": [],
          "skipped": [],
          "duration": 114055,
          "root": false,
          "rootEmpty": false,
          "_timeout": 2000
        }
      ],
      "passes": [],
      "failures": [],
      "pending": [],
      "skipped": [],
      "duration": 0,
      "root": true,
      "rootEmpty": true,
      "_timeout": 2000
    }
  ],
  "meta": {
    "mocha": {
      "version": "7.0.1"
    },
    "mochawesome": {
      "options": {
        "quiet": false,
        "reportFilename": "mochawesome",
        "saveHtml": false,
        "saveJson": true,
        "consoleReporter": "spec",
        "useInlineDiffs": false,
        "code": true
      },
      "version": "7.1.3"
    },
    "marge": {
      "options": {
        "overwrite": false,
        "html": false,
        "json": true,
        "reportDir": "cypress\\reports\\html\\.jsons"
      },
      "version": "6.2.0"
    }
  }
}